apps/mobile/build/app/intermediates/manifest_merge_blame_file/debug/processDebugMainManifest/manifest-merger-blame-debug-report.txt
1<?xml version="1.0" encoding="utf-8"?>
2<manifest xmlns:android="http://schemas.android.com/apk/res/android"
3    package="com.unichat.unichat_mobile"
4    android:versionCode="1"
5    android:versionName="1.0.0" >
6
7    <uses-sdk
8        android:minSdkVersion="24"
9        android:targetSdkVersion="36" />
10    <!--
11         The INTERNET permission is required for development. Specifically,
12         the Flutter tool needs it to communicate with the running application
13         to allow setting breakpoints, to provide hot reload, etc.
14    -->
15    <uses-permission android:name="android.permission.INTERNET" />
15-->src\main\AndroidManifest.xml:8:5-66
15-->src\main\AndroidManifest.xml:8:22-64
16    <!-- Camera & storage for profile photo upload -->
17    <uses-permission android:name="android.permission.CAMERA" />
17-->src\main\AndroidManifest.xml:3:5-64
17-->src\main\AndroidManifest.xml:3:22-62
18    <uses-permission android:name="android.permission.READ_MEDIA_IMAGES" />
18-->src\main\AndroidManifest.xml:4:5-75
18-->src\main\AndroidManifest.xml:4:22-73
19    <uses-permission android:name="android.permission.READ_MEDIA_VIDEO" />
19-->src\main\AndroidManifest.xml:5:5-74
19-->src\main\AndroidManifest.xml:5:22-72
20    <uses-permission
20-->src\main\AndroidManifest.xml:6:5-106
21        android:name="android.permission.READ_EXTERNAL_STORAGE"
21-->src\main\AndroidManifest.xml:6:22-77
22        android:maxSdkVersion="32" />
22-->src\main\AndroidManifest.xml:6:78-104
23    <uses-permission
23-->src\main\AndroidManifest.xml:7:5-107
24        android:name="android.permission.WRITE_EXTERNAL_STORAGE"
24-->src\main\AndroidManifest.xml:7:22-78
25        android:maxSdkVersion="28" />
25-->src\main\AndroidManifest.xml:7:79-105
26    <!--
27 Required to query activities that can process text, see:
28         https://developer.android.com/training/package-visibility and
29         https://developer.android.com/reference/android/content/Intent#ACTION_PROCESS_TEXT.
30
31         In particular, this is used by the Flutter engine in io.flutter.plugin.text.ProcessTextPlugin.
32    -->
33    <queries>
33-->src\main\AndroidManifest.xml:47:5-52:15
34        <intent>
34-->src\main\AndroidManifest.xml:48:9-51:18
35            <action android:name="android.intent.action.PROCESS_TEXT" />
35-->src\main\AndroidManifest.xml:49:13-72
35-->src\main\AndroidManifest.xml:49:21-70
36
37            <data android:mimeType="text/plain" />
37-->src\main\AndroidManifest.xml:50:13-50
37-->src\main\AndroidManifest.xml:50:19-48
38        </intent>
39    </queries>
40
41    <permission
41-->[androidx.core:core:1.18.0] AndroidManifest.xml:22:5-24:47
42        android:name="com.unichat.unichat_mobile.DYNAMIC_RECEIVER_NOT_EXPORTED_PERMISSION"
42-->[androidx.core:core:1.18.0] AndroidManifest.xml:23:9-81
43        android:protectionLevel="signature" />
43-->[androidx.core:core:1.18.0] AndroidManifest.xml:24:9-44
44
45    <uses-permission android:name="com.unichat.unichat_mobile.DYNAMIC_RECEIVER_NOT_EXPORTED_PERMISSION" />
45-->[androidx.core:core:1.18.0] AndroidManifest.xml:26:5-97
45-->[androidx.core:core:1.18.0] AndroidManifest.xml:26:22-94
46
47    <application
48        android:name="android.app.Application"
49        android:appComponentFactory="androidx.core.app.CoreComponentFactory"
49-->[androidx.core:core:1.18.0] AndroidManifest.xml:28:18-86
50        android:debuggable="true"
51        android:extractNativeLibs="false"
52        android:icon="@mipmap/ic_launcher"
53        android:label="unichat_mobile" >
54        <activity
55            android:name="com.unichat.unichat_mobile.MainActivity"
56            android:configChanges="orientation|keyboardHidden|keyboard|screenSize|smallestScreenSize|locale|layoutDirection|fontScale|screenLayout|density|uiMode"
57            android:exported="true"
58            android:hardwareAccelerated="true"
59            android:launchMode="singleTop"
60            android:taskAffinity=""
61            android:theme="@style/LaunchTheme"
62            android:windowSoftInputMode="adjustResize" >
63
64            <!--
65                 Specifies an Android theme to apply to this Activity as soon as
66                 the Android process has started. This theme is visible to the user
67                 while the Flutter UI initializes. After that, this theme continues
68                 to determine the Window background behind the Flutter UI.
69            -->
70            <meta-data
71                android:name="io.flutter.embedding.android.NormalTheme"
72                android:resource="@style/NormalTheme" />
73
74            <intent-filter>
75                <action android:name="android.intent.action.MAIN" />
76
77                <category android:name="android.intent.category.LAUNCHER" />
78            </intent-filter>
79        </activity>
80        <!--
81             Don't delete the meta-data below.
82             This is used by the Flutter tool to generate GeneratedPluginRegistrant.java
83        -->
84        <meta-data
85            android:name="flutterEmbedding"
86            android:value="2" />
87
88        <provider
88-->[:image_picker_android] AndroidManifest.xml:9:9-17:20
89            android:name="io.flutter.plugins.imagepicker.ImagePickerFileProvider"
89-->[:image_picker_android] AndroidManifest.xml:10:13-82
90            android:authorities="com.unichat.unichat_mobile.flutter.image_provider"
90-->[:image_picker_android] AndroidManifest.xml:11:13-74
91            android:exported="false"
91-->[:image_picker_android] AndroidManifest.xml:12:13-37
92            android:grantUriPermissions="true" >
92-->[:image_picker_android] AndroidManifest.xml:13:13-47
93            <meta-data
93-->[:image_picker_android] AndroidManifest.xml:14:13-16:75
94                android:name="android.support.FILE_PROVIDER_PATHS"
94-->[:image_picker_android] AndroidManifest.xml:15:17-67
95                android:resource="@xml/flutter_image_picker_file_paths" />
95-->[:image_picker_android] AndroidManifest.xml:16:17-72
96        </provider> <!-- Trigger Google Play services to install the backported photo picker module. -->
97        <service
97-->[:image_picker_android] AndroidManifest.xml:19:9-31:19
98            android:name="com.google.android.gms.metadata.ModuleDependencies"
98-->[:image_picker_android] AndroidManifest.xml:20:13-78
99            android:enabled="false"
99-->[:image_picker_android] AndroidManifest.xml:21:13-36
100            android:exported="false" >
100-->[:image_picker_android] AndroidManifest.xml:22:13-37
101            <intent-filter>
101-->[:image_picker_android] AndroidManifest.xml:24:13-26:29
102                <action android:name="com.google.android.gms.metadata.MODULE_DEPENDENCIES" />
102-->[:image_picker_android] AndroidManifest.xml:25:17-94
102-->[:image_picker_android] AndroidManifest.xml:25:25-91
103            </intent-filter>
104
105            <meta-data
105-->[:image_picker_android] AndroidManifest.xml:28:13-30:36
106                android:name="photopicker_activity:0:required"
106-->[:image_picker_android] AndroidManifest.xml:29:17-63
107                android:value="" />
107-->[:image_picker_android] AndroidManifest.xml:30:17-33
108        </service>
109
110        <uses-library
110-->[androidx.window:window:1.2.0] AndroidManifest.xml:23:9-25:40
111            android:name="androidx.window.extensions"
111-->[androidx.window:window:1.2.0] AndroidManifest.xml:24:13-54
112            android:required="false" />
112-->[androidx.window:window:1.2.0] AndroidManifest.xml:25:13-37
113        <uses-library
113-->[androidx.window:window:1.2.0] AndroidManifest.xml:26:9-28:40
114            android:name="androidx.window.sidecar"
114-->[androidx.window:window:1.2.0] AndroidManifest.xml:27:13-51
115            android:required="false" />
115-->[androidx.window:window:1.2.0] AndroidManifest.xml:28:13-37
116
117        <provider
117-->[androidx.lifecycle:lifecycle-process:2.7.0] AndroidManifest.xml:24:9-32:20
118            android:name="androidx.startup.InitializationProvider"
118-->[androidx.lifecycle:lifecycle-process:2.7.0] AndroidManifest.xml:25:13-67
119            android:authorities="com.unichat.unichat_mobile.androidx-startup"
119-->[androidx.lifecycle:lifecycle-process:2.7.0] AndroidManifest.xml:26:13-68
120            android:exported="false" >
120-->[androidx.lifecycle:lifecycle-process:2.7.0] AndroidManifest.xml:27:13-37
121            <meta-data
121-->[androidx.lifecycle:lifecycle-process:2.7.0] AndroidManifest.xml:29:13-31:52
122                android:name="androidx.lifecycle.ProcessLifecycleInitializer"
122-->[androidx.lifecycle:lifecycle-process:2.7.0] AndroidManifest.xml:30:17-78
123                android:value="androidx.startup" />
123-->[androidx.lifecycle:lifecycle-process:2.7.0] AndroidManifest.xml:31:17-49
124            <meta-data
124-->[androidx.profileinstaller:profileinstaller:1.4.0] AndroidManifest.xml:29:13-31:52
125                android:name="androidx.profileinstaller.ProfileInstallerInitializer"
125-->[androidx.profileinstaller:profileinstaller:1.4.0] AndroidManifest.xml:30:17-85
126                android:value="androidx.startup" />
126-->[androidx.profileinstaller:profileinstaller:1.4.0] AndroidManifest.xml:31:17-49
127        </provider>
128
129        <receiver
129-->[androidx.profileinstaller:profileinstaller:1.4.0] AndroidManifest.xml:34:9-52:20
130            android:name="androidx.profileinstaller.ProfileInstallReceiver"
130-->[androidx.profileinstaller:profileinstaller:1.4.0] AndroidManifest.xml:35:13-76
131            android:directBootAware="false"
131-->[androidx.profileinstaller:profileinstaller:1.4.0] AndroidManifest.xml:36:13-44
132            android:enabled="true"
132-->[androidx.profileinstaller:profileinstaller:1.4.0] AndroidManifest.xml:37:13-35
133            android:exported="true"
133-->[androidx.profileinstaller:profileinstaller:1.4.0] AndroidManifest.xml:38:13-36
134            android:permission="android.permission.DUMP" >
134-->[androidx.profileinstaller:profileinstaller:1.4.0] AndroidManifest.xml:39:13-57
135            <intent-filter>
135-->[androidx.profileinstaller:profileinstaller:1.4.0] AndroidManifest.xml:40:13-42:29
136                <action android:name="androidx.profileinstaller.action.INSTALL_PROFILE" />
136-->[androidx.profileinstaller:profileinstaller:1.4.0] AndroidManifest.xml:41:17-91
136-->[androidx.profileinstaller:profileinstaller:1.4.0] AndroidManifest.xml:41:25-88
137            </intent-filter>
138            <intent-filter>
138-->[androidx.profileinstaller:profileinstaller:1.4.0] AndroidManifest.xml:43:13-45:29
139                <action android:name="androidx.profileinstaller.action.SKIP_FILE" />
139-->[androidx.profileinstaller:profileinstaller:1.4.0] AndroidManifest.xml:44:17-85
139-->[androidx.profileinstaller:profileinstaller:1.4.0] AndroidManifest.xml:44:25-82
140            </intent-filter>
141            <intent-filter>
141-->[androidx.profileinstaller:profileinstaller:1.4.0] AndroidManifest.xml:46:13-48:29
142                <action android:name="androidx.profileinstaller.action.SAVE_PROFILE" />
142-->[androidx.profileinstaller:profileinstaller:1.4.0] AndroidManifest.xml:47:17-88
142-->[androidx.profileinstaller:profileinstaller:1.4.0] AndroidManifest.xml:47:25-85
143            </intent-filter>
144            <intent-filter>
144-->[androidx.profileinstaller:profileinstaller:1.4.0] AndroidManifest.xml:49:13-51:29
145                <action android:name="androidx.profileinstaller.action.BENCHMARK_OPERATION" />
145-->[androidx.profileinstaller:profileinstaller:1.4.0] AndroidManifest.xml:50:17-95
145-->[androidx.profileinstaller:profileinstaller:1.4.0] AndroidManifest.xml:50:25-92
146            </intent-filter>
147        </receiver>
148    </application>
149
150</manifest>